[Sat Aug 16 09:43:35 2014] [info] Listening at "http://*:3000".
[Sat Aug 16 09:43:35 2014] [info] Manager 10674 started.
[Sat Aug 16 09:43:35 2014] [debug] Worker 10675 started.
[Sat Aug 16 09:43:35 2014] [debug] Worker 10676 started.
[Sat Aug 16 09:43:35 2014] [debug] Worker 10677 started.
[Sat Aug 16 09:43:35 2014] [info] Creating process id file "/tmp/prefork.pid".
[Sat Aug 16 09:43:35 2014] [debug] Worker 10678 started.
[Sat Aug 16 09:43:41 2014] [debug] Stopping worker 10678.
[Sat Aug 16 09:43:41 2014] [debug] Worker 10678 stopped.
[Sat Aug 16 09:43:41 2014] [debug] Stopping worker 10675.
[Sat Aug 16 09:43:41 2014] [debug] Stopping worker 10677.
[Sat Aug 16 09:43:41 2014] [debug] Stopping worker 10676.
[Sat Aug 16 09:43:41 2014] [debug] Worker 10675 stopped.
[Sat Aug 16 09:43:41 2014] [debug] Worker 10677 stopped.
[Sat Aug 16 09:43:41 2014] [debug] Stopping worker 10676.
[Sat Aug 16 09:43:41 2014] [debug] Worker 10676 stopped.
[Sat Aug 16 09:43:49 2014] [info] Listening at "http://*:3000".
[Sat Aug 16 09:43:59 2014] [debug] Your secret passphrase needs to be changed!!!
[Sat Aug 16 09:43:59 2014] [debug] GET "/".
[Sat Aug 16 09:43:59 2014] [debug] Controller "PMLTQ::Server::Example" does not exist.
[Sat Aug 16 09:43:59 2014] [debug] Template "example/welcome.html.ep" not found.
[Sat Aug 16 09:43:59 2014] [debug] Template "not_found.development.html.ep" not found.
[Sat Aug 16 09:43:59 2014] [debug] Template "not_found.html.ep" not found.
[Sat Aug 16 09:43:59 2014] [debug] Rendering inline template "8122878e3bc1034543706fb58b4de464".
[Sat Aug 16 09:43:59 2014] [debug] Rendering inline template "4fcf2af99f1803a7a26c2e9b04430f8c".
[Sat Aug 16 09:43:59 2014] [debug] 404 Not Found (0.127994s, 7.813/s).
[Sat Aug 16 09:44:45 2014] [debug] Your secret passphrase needs to be changed!!!
[Sat Aug 16 09:44:45 2014] [debug] GET "/".
[Sat Aug 16 09:44:45 2014] [debug] Routing to controller "PMLTQ::Server::Controller::Auth" and action "login".
[Sat Aug 16 09:44:45 2014] [debug] Rendering template "auth/login.html.ep".
[Sat Aug 16 09:44:45 2014] [debug] Rendering template "layouts/default.html.ep".
[Sat Aug 16 09:44:45 2014] [debug] 200 OK (0.005674s, 176.243/s).
[Sat Aug 16 09:46:37 2014] [debug] Your secret passphrase needs to be changed!!!
[Sat Aug 16 09:46:37 2014] [debug] GET "/".
[Sat Aug 16 09:46:37 2014] [debug] Routing to controller "PMLTQ::Server::Controller::Auth" and action "login".
[Sat Aug 16 09:46:37 2014] [debug] Rendering template "auth/login.html.ep".
[Sat Aug 16 09:46:37 2014] [debug] Rendering template "layouts/default.html.ep".
[Sat Aug 16 09:46:37 2014] [debug] 200 OK (0.005139s, 194.590/s).
